[debug] [2019-06-21T16:30:18.727Z] ----------------------------------------------------------------------
[debug] [2019-06-21T16:30:18.733Z] Command:       C:\Program Files\nodejs\node.exe C:\Users\dell\AppData\Roaming\npm\node_modules\firebase-tools\lib\bin\firebase.js init
[debug] [2019-06-21T16:30:18.733Z] CLI Version:   7.0.1
[debug] [2019-06-21T16:30:18.733Z] Platform:      win32
[debug] [2019-06-21T16:30:18.734Z] Node Version:  v10.15.0
[debug] [2019-06-21T16:30:18.736Z] Time:          Fri Jun 21 2019 22:00:18 GMT+0530 (India Standard Time)
[debug] [2019-06-21T16:30:18.737Z] ----------------------------------------------------------------------
[debug] 
[debug] [2019-06-21T16:30:18.774Z] > command requires scopes: ["email","openid","https://www.googleapis.com/auth/cloudplatformprojects.readonly","https://www.googleapis.com/auth/firebase","https://www.googleapis.com/auth/cloud-platform"]
[debug] [2019-06-21T16:30:18.776Z] > authorizing via signed-in user
[info] 
     ######## #### ########  ######## ########     ###     ######  ########
     ##        ##  ##     ## ##       ##     ##  ##   ##  ##       ##
     ######    ##  ########  ######   ########  #########  ######  ######
     ##        ##  ##    ##  ##       ##     ## ##     ##       ## ##
     ##       #### ##     ## ######## ########  ##     ##  ######  ########

You're about to initialize a Firebase project in this directory:

  C:\Users\dell\Desktop\Youstart\app

Before we get started, keep in mind:

  * You are initializing in an existing Firebase project directory

[info] 
=== Project Setup
[info] 
[info] First, let's associate this project directory with a Firebase project.
[info] You can create multiple project aliases by running firebase use --add, 
[info] but for now we'll just set up a default project.
[info] 
[info] i  .firebaserc already has a default project, using todo-app-318aa.
[debug] [2019-06-21T16:30:27.197Z] > refreshing access token with scopes: ["email","https://www.googleapis.com/auth/cloud-platform","https://www.googleapis.com/auth/cloudplatformprojects.readonly","https://www.googleapis.com/auth/firebase","openid"]
[debug] [2019-06-21T16:30:27.198Z] >>> HTTP REQUEST POST https://www.googleapis.com/oauth2/v3/token  
 <request body omitted>
[debug] [2019-06-21T16:30:28.110Z] <<< HTTP RESPONSE 200
[debug] [2019-06-21T16:30:28.163Z] >>> HTTP REQUEST GET https://firebase.googleapis.com/v1beta1/projects/todo-app-318aa  
 
[debug] [2019-06-21T16:30:29.365Z] <<< HTTP RESPONSE 200
[info] 
=== Hosting Setup
[info] 
[info] Your public directory is the folder (relative to your project directory) that
[info] will contain Hosting assets to be uploaded with firebase deploy. If you
[info] have a build process for your assets, use your build's output directory.
[info] 
